2015.06.09 18:35 B D:\Projects\TurkeyInvest\TurkeyInvest\TurkeyInvest\css\images\border.png <-- Turkey2Invest /turkey2015/css/images border.png
2015.06.09 18:35 B D:\Projects\TurkeyInvest\TurkeyInvest\TurkeyInvest\css\images\controls.png <-- Turkey2Invest /turkey2015/css/images controls.png
2015.06.09 18:35 B D:\Projects\TurkeyInvest\TurkeyInvest\TurkeyInvest\css\images\loading.gif <-- Turkey2Invest /turkey2015/css/images loading.gif
2015.06.09 18:35 B D:\Projects\TurkeyInvest\TurkeyInvest\TurkeyInvest\css\images\loading_background.png <-- Turkey2Invest /turkey2015/css/images loading_background.png
2015.06.09 18:35 B D:\Projects\TurkeyInvest\TurkeyInvest\TurkeyInvest\css\images\overlay.png <-- Turkey2Invest /turkey2015/css/images overlay.png
2015.08.25 19:14 B D:\Projects\TurkeyTour\TurkeyTour\TurkeyTour\css\images\border.png --> web-13.znetlive.in /turkey2015/css/images border.png
2015.08.25 19:14 B D:\Projects\TurkeyTour\TurkeyTour\TurkeyTour\css\images\controls.png --> web-13.znetlive.in /turkey2015/css/images controls.png
2015.08.25 19:14 B D:\Projects\TurkeyTour\TurkeyTour\TurkeyTour\css\images\loading.gif --> web-13.znetlive.in /turkey2015/css/images loading.gif
2015.08.25 19:14 B D:\Projects\TurkeyTour\TurkeyTour\TurkeyTour\css\images\loading_background.png --> web-13.znetlive.in /turkey2015/css/images loading_background.png
2015.08.25 19:14 B D:\Projects\TurkeyTour\TurkeyTour\TurkeyTour\css\images\overlay.png --> web-13.znetlive.in /turkey2015/css/images overlay.png
2015.08.25 19:14 B D:\Projects\TurkeyTour\TurkeyTour\TurkeyTour\css\images\WS_FTP.LOG --> web-13.znetlive.in /turkey2015/css/images WS_FTP.LOG
2015.09.14 11:54 B D:\Projects\TurkeyTour\TurkeyTour\TurkeyTour\css\images\border.png --> 182.50.132.44 /httpdocs/css/images border.png
2015.09.14 11:54 B D:\Projects\TurkeyTour\TurkeyTour\TurkeyTour\css\images\controls.png --> 182.50.132.44 /httpdocs/css/images controls.png
2015.09.14 11:54 B D:\Projects\TurkeyTour\TurkeyTour\TurkeyTour\css\images\loading.gif --> 182.50.132.44 /httpdocs/css/images loading.gif
2015.09.14 11:54 B D:\Projects\TurkeyTour\TurkeyTour\TurkeyTour\css\images\loading_background.png --> 182.50.132.44 /httpdocs/css/images loading_background.png
2015.09.14 11:54 B D:\Projects\TurkeyTour\TurkeyTour\TurkeyTour\css\images\overlay.png --> 182.50.132.44 /httpdocs/css/images overlay.png
2015.09.14 11:54 B D:\Projects\TurkeyTour\TurkeyTour\TurkeyTour\css\images\WS_FTP.LOG --> 182.50.132.44 /httpdocs/css/images WS_FTP.LOG
2016.05.28 14:54 B D:\Raj\Projects\Ravlygten\Ravlygten\Ravlygten\css\images\border.png --> web-13.znetlive.in /Ravlygten/css/images border.png
2016.05.28 14:54 B D:\Raj\Projects\Ravlygten\Ravlygten\Ravlygten\css\images\controls.png --> web-13.znetlive.in /Ravlygten/css/images controls.png
2016.05.28 14:54 B D:\Raj\Projects\Ravlygten\Ravlygten\Ravlygten\css\images\loading.gif --> web-13.znetlive.in /Ravlygten/css/images loading.gif
2016.05.28 14:54 B D:\Raj\Projects\Ravlygten\Ravlygten\Ravlygten\css\images\loading_background.png --> web-13.znetlive.in /Ravlygten/css/images loading_background.png
2016.05.28 14:54 B D:\Raj\Projects\Ravlygten\Ravlygten\Ravlygten\css\images\overlay.png --> web-13.znetlive.in /Ravlygten/css/images overlay.png
2016.05.28 14:54 B D:\Raj\Projects\Ravlygten\Ravlygten\Ravlygten\css\images\WS_FTP.LOG --> web-13.znetlive.in /Ravlygten/css/images WS_FTP.LOG
2016.07.08 11:56 B E:\newproject\HMS\HMS\HMS\css\images\border.png --> web-13.znetlive.in /MusicSite/css/images border.png
2016.07.08 11:56 B E:\newproject\HMS\HMS\HMS\css\images\controls.png --> web-13.znetlive.in /MusicSite/css/images controls.png
2016.07.08 11:57 B E:\newproject\HMS\HMS\HMS\css\images\loading.gif --> web-13.znetlive.in /MusicSite/css/images loading.gif
2016.07.08 11:57 B E:\newproject\HMS\HMS\HMS\css\images\loading_background.png --> web-13.znetlive.in /MusicSite/css/images loading_background.png
2016.07.08 11:57 B E:\newproject\HMS\HMS\HMS\css\images\overlay.png --> web-13.znetlive.in /MusicSite/css/images overlay.png
2016.07.08 11:57 B E:\newproject\HMS\HMS\HMS\css\images\WS_FTP.LOG --> web-13.znetlive.in /MusicSite/css/images WS_FTP.LOG
2016.07.08 17:42 B E:\HMS\manickam\manickam\manickam\css\images\border.png --> web-13.znetlive.in /MusicSite/css/images border.png
2016.07.08 17:42 B E:\HMS\manickam\manickam\manickam\css\images\controls.png --> web-13.znetlive.in /MusicSite/css/images controls.png
2016.07.08 17:42 B E:\HMS\manickam\manickam\manickam\css\images\loading.gif --> web-13.znetlive.in /MusicSite/css/images loading.gif
2016.07.08 17:43 B E:\HMS\manickam\manickam\manickam\css\images\loading_background.png --> web-13.znetlive.in /MusicSite/css/images loading_background.png
2016.07.08 17:43 B E:\HMS\manickam\manickam\manickam\css\images\overlay.png --> web-13.znetlive.in /MusicSite/css/images overlay.png
