2016.06.08 17:59 B E:\Ravlygten\Ravlygten\Ravlygten\css\fonts\font-icons.eot --> web-13.znetlive.in /Ravlygten/css/fonts font-icons.eot
2016.06.08 18:00 B E:\Ravlygten\Ravlygten\Ravlygten\css\fonts\font-icons.svg --> web-13.znetlive.in /Ravlygten/css/fonts font-icons.svg
2016.06.08 18:00 B E:\Ravlygten\Ravlygten\Ravlygten\css\fonts\font-icons.ttf --> web-13.znetlive.in /Ravlygten/css/fonts font-icons.ttf
2016.06.08 18:00 B E:\Ravlygten\Ravlygten\Ravlygten\css\fonts\font-icons.woff --> web-13.znetlive.in /Ravlygten/css/fonts font-icons.woff
2016.06.08 18:00 B E:\Ravlygten\Ravlygten\Ravlygten\css\fonts\lined-icons.eot --> web-13.znetlive.in /Ravlygten/css/fonts lined-icons.eot
2016.06.08 18:00 B E:\Ravlygten\Ravlygten\Ravlygten\css\fonts\lined-icons.svg --> web-13.znetlive.in /Ravlygten/css/fonts lined-icons.svg
2016.06.08 18:00 B E:\Ravlygten\Ravlygten\Ravlygten\css\fonts\lined-icons.ttf --> web-13.znetlive.in /Ravlygten/css/fonts lined-icons.ttf
2016.06.08 18:00 B E:\Ravlygten\Ravlygten\Ravlygten\css\fonts\lined-icons.woff --> web-13.znetlive.in /Ravlygten/css/fonts lined-icons.woff
2016.06.08 18:00 B E:\Ravlygten\Ravlygten\Ravlygten\css\fonts\Simple-Line-Icons.dev.svg --> web-13.znetlive.in /Ravlygten/css/fonts Simple-Line-Icons.dev.svg
2016.06.08 18:00 B E:\Ravlygten\Ravlygten\Ravlygten\css\fonts\Simple-Line-Icons.eot --> web-13.znetlive.in /Ravlygten/css/fonts Simple-Line-Icons.eot
2016.06.08 18:01 B E:\Ravlygten\Ravlygten\Ravlygten\css\fonts\Simple-Line-Icons.svg --> web-13.znetlive.in /Ravlygten/css/fonts Simple-Line-Icons.svg
2016.06.08 18:01 B E:\Ravlygten\Ravlygten\Ravlygten\css\fonts\Simple-Line-Icons.ttf --> web-13.znetlive.in /Ravlygten/css/fonts Simple-Line-Icons.ttf
2016.06.08 18:01 B E:\Ravlygten\Ravlygten\Ravlygten\css\fonts\Simple-Line-Icons.woff --> web-13.znetlive.in /Ravlygten/css/fonts Simple-Line-Icons.woff
2016.07.08 11:55 B E:\newproject\HMS\HMS\HMS\css\fonts\font-icons.eot --> web-13.znetlive.in /MusicSite/css/fonts font-icons.eot
2016.07.08 11:55 B E:\newproject\HMS\HMS\HMS\css\fonts\font-icons.svg --> web-13.znetlive.in /MusicSite/css/fonts font-icons.svg
2016.07.08 11:55 B E:\newproject\HMS\HMS\HMS\css\fonts\font-icons.ttf --> web-13.znetlive.in /MusicSite/css/fonts font-icons.ttf
2016.07.08 11:56 B E:\newproject\HMS\HMS\HMS\css\fonts\font-icons.woff --> web-13.znetlive.in /MusicSite/css/fonts font-icons.woff
2016.07.08 11:56 B E:\newproject\HMS\HMS\HMS\css\fonts\lined-icons.eot --> web-13.znetlive.in /MusicSite/css/fonts lined-icons.eot
2016.07.08 11:56 B E:\newproject\HMS\HMS\HMS\css\fonts\lined-icons.svg --> web-13.znetlive.in /MusicSite/css/fonts lined-icons.svg
2016.07.08 11:56 B E:\newproject\HMS\HMS\HMS\css\fonts\lined-icons.ttf --> web-13.znetlive.in /MusicSite/css/fonts lined-icons.ttf
2016.07.08 11:56 B E:\newproject\HMS\HMS\HMS\css\fonts\lined-icons.woff --> web-13.znetlive.in /MusicSite/css/fonts lined-icons.woff
2016.07.08 11:56 B E:\newproject\HMS\HMS\HMS\css\fonts\Simple-Line-Icons.dev.svg --> web-13.znetlive.in /MusicSite/css/fonts Simple-Line-Icons.dev.svg
2016.07.08 11:56 B E:\newproject\HMS\HMS\HMS\css\fonts\Simple-Line-Icons.eot --> web-13.znetlive.in /MusicSite/css/fonts Simple-Line-Icons.eot
2016.07.08 11:56 B E:\newproject\HMS\HMS\HMS\css\fonts\Simple-Line-Icons.svg --> web-13.znetlive.in /MusicSite/css/fonts Simple-Line-Icons.svg
2016.07.08 11:56 B E:\newproject\HMS\HMS\HMS\css\fonts\Simple-Line-Icons.ttf --> web-13.znetlive.in /MusicSite/css/fonts Simple-Line-Icons.ttf
2016.07.08 11:56 B E:\newproject\HMS\HMS\HMS\css\fonts\Simple-Line-Icons.woff --> web-13.znetlive.in /MusicSite/css/fonts Simple-Line-Icons.woff
2016.07.08 11:56 B E:\newproject\HMS\HMS\HMS\css\fonts\WS_FTP.LOG --> web-13.znetlive.in /MusicSite/css/fonts WS_FTP.LOG
2016.07.08 17:41 B E:\HMS\manickam\manickam\manickam\css\fonts\font-icons.eot --> web-13.znetlive.in /MusicSite/css/fonts font-icons.eot
2016.07.08 17:42 B E:\HMS\manickam\manickam\manickam\css\fonts\font-icons.svg --> web-13.znetlive.in /MusicSite/css/fonts font-icons.svg
2016.07.08 17:42 B E:\HMS\manickam\manickam\manickam\css\fonts\font-icons.ttf --> web-13.znetlive.in /MusicSite/css/fonts font-icons.ttf
2016.07.08 17:42 B E:\HMS\manickam\manickam\manickam\css\fonts\font-icons.woff --> web-13.znetlive.in /MusicSite/css/fonts font-icons.woff
2016.07.08 17:42 B E:\HMS\manickam\manickam\manickam\css\fonts\lined-icons.eot --> web-13.znetlive.in /MusicSite/css/fonts lined-icons.eot
2016.07.08 17:42 B E:\HMS\manickam\manickam\manickam\css\fonts\lined-icons.svg --> web-13.znetlive.in /MusicSite/css/fonts lined-icons.svg
2016.07.08 17:42 B E:\HMS\manickam\manickam\manickam\css\fonts\lined-icons.ttf --> web-13.znetlive.in /MusicSite/css/fonts lined-icons.ttf
2016.07.08 17:42 B E:\HMS\manickam\manickam\manickam\css\fonts\lined-icons.woff --> web-13.znetlive.in /MusicSite/css/fonts lined-icons.woff
2016.07.08 17:42 B E:\HMS\manickam\manickam\manickam\css\fonts\Simple-Line-Icons.dev.svg --> web-13.znetlive.in /MusicSite/css/fonts Simple-Line-Icons.dev.svg
2016.07.08 17:42 B E:\HMS\manickam\manickam\manickam\css\fonts\Simple-Line-Icons.eot --> web-13.znetlive.in /MusicSite/css/fonts Simple-Line-Icons.eot
2016.07.08 17:42 B E:\HMS\manickam\manickam\manickam\css\fonts\Simple-Line-Icons.svg --> web-13.znetlive.in /MusicSite/css/fonts Simple-Line-Icons.svg
2016.07.08 17:42 B E:\HMS\manickam\manickam\manickam\css\fonts\Simple-Line-Icons.ttf --> web-13.znetlive.in /MusicSite/css/fonts Simple-Line-Icons.ttf
2016.07.08 17:42 B E:\HMS\manickam\manickam\manickam\css\fonts\Simple-Line-Icons.woff --> web-13.znetlive.in /MusicSite/css/fonts Simple-Line-Icons.woff
