2015.12.24 10:42 B D:\Raj\MVC Folder\HRM\HRM\Assets\plugins\select2\i18n\az.js --> web-13.znetlive.in /Matchtalent/Assets/plugins/select2/i18n az.js
2015.12.24 10:42 B D:\Raj\MVC Folder\HRM\HRM\Assets\plugins\select2\i18n\bg.js --> web-13.znetlive.in /Matchtalent/Assets/plugins/select2/i18n bg.js
2015.12.24 10:42 B D:\Raj\MVC Folder\HRM\HRM\Assets\plugins\select2\i18n\ca.js --> web-13.znetlive.in /Matchtalent/Assets/plugins/select2/i18n ca.js
2015.12.24 10:42 B D:\Raj\MVC Folder\HRM\HRM\Assets\plugins\select2\i18n\cs.js --> web-13.znetlive.in /Matchtalent/Assets/plugins/select2/i18n cs.js
2015.12.24 10:42 B D:\Raj\MVC Folder\HRM\HRM\Assets\plugins\select2\i18n\da.js --> web-13.znetlive.in /Matchtalent/Assets/plugins/select2/i18n da.js
2015.12.24 10:42 B D:\Raj\MVC Folder\HRM\HRM\Assets\plugins\select2\i18n\de.js --> web-13.znetlive.in /Matchtalent/Assets/plugins/select2/i18n de.js
2015.12.24 10:42 B D:\Raj\MVC Folder\HRM\HRM\Assets\plugins\select2\i18n\en.js --> web-13.znetlive.in /Matchtalent/Assets/plugins/select2/i18n en.js
2015.12.24 10:42 B D:\Raj\MVC Folder\HRM\HRM\Assets\plugins\select2\i18n\es.js --> web-13.znetlive.in /Matchtalent/Assets/plugins/select2/i18n es.js
2015.12.24 10:42 B D:\Raj\MVC Folder\HRM\HRM\Assets\plugins\select2\i18n\et.js --> web-13.znetlive.in /Matchtalent/Assets/plugins/select2/i18n et.js
2015.12.24 10:42 B D:\Raj\MVC Folder\HRM\HRM\Assets\plugins\select2\i18n\eu.js --> web-13.znetlive.in /Matchtalent/Assets/plugins/select2/i18n eu.js
2015.12.24 10:42 B D:\Raj\MVC Folder\HRM\HRM\Assets\plugins\select2\i18n\fa.js --> web-13.znetlive.in /Matchtalent/Assets/plugins/select2/i18n fa.js
2015.12.24 10:42 B D:\Raj\MVC Folder\HRM\HRM\Assets\plugins\select2\i18n\fi.js --> web-13.znetlive.in /Matchtalent/Assets/plugins/select2/i18n fi.js
2015.12.24 10:42 B D:\Raj\MVC Folder\HRM\HRM\Assets\plugins\select2\i18n\fr.js --> web-13.znetlive.in /Matchtalent/Assets/plugins/select2/i18n fr.js
2015.12.24 10:42 B D:\Raj\MVC Folder\HRM\HRM\Assets\plugins\select2\i18n\gl.js --> web-13.znetlive.in /Matchtalent/Assets/plugins/select2/i18n gl.js
2015.12.24 10:42 B D:\Raj\MVC Folder\HRM\HRM\Assets\plugins\select2\i18n\he.js --> web-13.znetlive.in /Matchtalent/Assets/plugins/select2/i18n he.js
2015.12.24 10:42 B D:\Raj\MVC Folder\HRM\HRM\Assets\plugins\select2\i18n\hi.js --> web-13.znetlive.in /Matchtalent/Assets/plugins/select2/i18n hi.js
2015.12.24 10:42 B D:\Raj\MVC Folder\HRM\HRM\Assets\plugins\select2\i18n\hr.js --> web-13.znetlive.in /Matchtalent/Assets/plugins/select2/i18n hr.js
2015.12.24 10:42 B D:\Raj\MVC Folder\HRM\HRM\Assets\plugins\select2\i18n\hu.js --> web-13.znetlive.in /Matchtalent/Assets/plugins/select2/i18n hu.js
2015.12.24 10:42 B D:\Raj\MVC Folder\HRM\HRM\Assets\plugins\select2\i18n\id.js --> web-13.znetlive.in /Matchtalent/Assets/plugins/select2/i18n id.js
2015.12.24 10:42 B D:\Raj\MVC Folder\HRM\HRM\Assets\plugins\select2\i18n\is.js --> web-13.znetlive.in /Matchtalent/Assets/plugins/select2/i18n is.js
2015.12.24 10:42 B D:\Raj\MVC Folder\HRM\HRM\Assets\plugins\select2\i18n\it.js --> web-13.znetlive.in /Matchtalent/Assets/plugins/select2/i18n it.js
2015.12.24 10:43 B D:\Raj\MVC Folder\HRM\HRM\Assets\plugins\select2\i18n\ko.js --> web-13.znetlive.in /Matchtalent/Assets/plugins/select2/i18n ko.js
2015.12.24 10:43 B D:\Raj\MVC Folder\HRM\HRM\Assets\plugins\select2\i18n\lt.js --> web-13.znetlive.in /Matchtalent/Assets/plugins/select2/i18n lt.js
2015.12.24 10:43 B D:\Raj\MVC Folder\HRM\HRM\Assets\plugins\select2\i18n\lv.js --> web-13.znetlive.in /Matchtalent/Assets/plugins/select2/i18n lv.js
2015.12.24 10:43 B D:\Raj\MVC Folder\HRM\HRM\Assets\plugins\select2\i18n\mk.js --> web-13.znetlive.in /Matchtalent/Assets/plugins/select2/i18n mk.js
2015.12.24 10:43 B D:\Raj\MVC Folder\HRM\HRM\Assets\plugins\select2\i18n\nb.js --> web-13.znetlive.in /Matchtalent/Assets/plugins/select2/i18n nb.js
2015.12.24 10:43 B D:\Raj\MVC Folder\HRM\HRM\Assets\plugins\select2\i18n\nl.js --> web-13.znetlive.in /Matchtalent/Assets/plugins/select2/i18n nl.js
2015.12.24 10:43 B D:\Raj\MVC Folder\HRM\HRM\Assets\plugins\select2\i18n\pl.js --> web-13.znetlive.in /Matchtalent/Assets/plugins/select2/i18n pl.js
2015.12.24 10:43 B D:\Raj\MVC Folder\HRM\HRM\Assets\plugins\select2\i18n\pt-BR.js --> web-13.znetlive.in /Matchtalent/Assets/plugins/select2/i18n pt-BR.js
2015.12.24 10:43 B D:\Raj\MVC Folder\HRM\HRM\Assets\plugins\select2\i18n\pt.js --> web-13.znetlive.in /Matchtalent/Assets/plugins/select2/i18n pt.js
2015.12.24 10:43 B D:\Raj\MVC Folder\HRM\HRM\Assets\plugins\select2\i18n\ro.js --> web-13.znetlive.in /Matchtalent/Assets/plugins/select2/i18n ro.js
2015.12.24 10:43 B D:\Raj\MVC Folder\HRM\HRM\Assets\plugins\select2\i18n\ru.js --> web-13.znetlive.in /Matchtalent/Assets/plugins/select2/i18n ru.js
2015.12.24 10:43 B D:\Raj\MVC Folder\HRM\HRM\Assets\plugins\select2\i18n\sk.js --> web-13.znetlive.in /Matchtalent/Assets/plugins/select2/i18n sk.js
2015.12.24 10:43 B D:\Raj\MVC Folder\HRM\HRM\Assets\plugins\select2\i18n\sr.js --> web-13.znetlive.in /Matchtalent/Assets/plugins/select2/i18n sr.js
2015.12.24 10:43 B D:\Raj\MVC Folder\HRM\HRM\Assets\plugins\select2\i18n\sv.js --> web-13.znetlive.in /Matchtalent/Assets/plugins/select2/i18n sv.js
2015.12.24 10:43 B D:\Raj\MVC Folder\HRM\HRM\Assets\plugins\select2\i18n\th.js --> web-13.znetlive.in /Matchtalent/Assets/plugins/select2/i18n th.js
2015.12.24 10:43 B D:\Raj\MVC Folder\HRM\HRM\Assets\plugins\select2\i18n\tr.js --> web-13.znetlive.in /Matchtalent/Assets/plugins/select2/i18n tr.js
2015.12.24 10:43 B D:\Raj\MVC Folder\HRM\HRM\Assets\plugins\select2\i18n\uk.js --> web-13.znetlive.in /Matchtalent/Assets/plugins/select2/i18n uk.js
2015.12.24 10:43 B D:\Raj\MVC Folder\HRM\HRM\Assets\plugins\select2\i18n\vi.js --> web-13.znetlive.in /Matchtalent/Assets/plugins/select2/i18n vi.js
2015.12.24 10:43 B D:\Raj\MVC Folder\HRM\HRM\Assets\plugins\select2\i18n\zh-CN.js --> web-13.znetlive.in /Matchtalent/Assets/plugins/select2/i18n zh-CN.js
2015.12.24 10:43 B D:\Raj\MVC Folder\HRM\HRM\Assets\plugins\select2\i18n\zh-TW.js --> web-13.znetlive.in /Matchtalent/Assets/plugins/select2/i18n zh-TW.js
2016.07.22 13:02 B E:\MANICKAM\server\manickam\manickam\siteadmin_assets\assets\plugins\select2\i18n\az.js --> web-13.znetlive.in /MusicSite/siteadmin_assets/assets/plugins/select2/i18n az.js
2016.07.22 13:03 B E:\MANICKAM\server\manickam\manickam\siteadmin_assets\assets\plugins\select2\i18n\bg.js --> web-13.znetlive.in /MusicSite/siteadmin_assets/assets/plugins/select2/i18n bg.js
2016.07.22 13:03 B E:\MANICKAM\server\manickam\manickam\siteadmin_assets\assets\plugins\select2\i18n\ca.js --> web-13.znetlive.in /MusicSite/siteadmin_assets/assets/plugins/select2/i18n ca.js
2016.07.22 13:03 B E:\MANICKAM\server\manickam\manickam\siteadmin_assets\assets\plugins\select2\i18n\cs.js --> web-13.znetlive.in /MusicSite/siteadmin_assets/assets/plugins/select2/i18n cs.js
2016.07.22 13:03 B E:\MANICKAM\server\manickam\manickam\siteadmin_assets\assets\plugins\select2\i18n\da.js --> web-13.znetlive.in /MusicSite/siteadmin_assets/assets/plugins/select2/i18n da.js
2016.07.22 13:03 B E:\MANICKAM\server\manickam\manickam\siteadmin_assets\assets\plugins\select2\i18n\de.js --> web-13.znetlive.in /MusicSite/siteadmin_assets/assets/plugins/select2/i18n de.js
2016.07.22 13:03 B E:\MANICKAM\server\manickam\manickam\siteadmin_assets\assets\plugins\select2\i18n\en.js --> web-13.znetlive.in /MusicSite/siteadmin_assets/assets/plugins/select2/i18n en.js
2016.07.22 13:03 B E:\MANICKAM\server\manickam\manickam\siteadmin_assets\assets\plugins\select2\i18n\es.js --> web-13.znetlive.in /MusicSite/siteadmin_assets/assets/plugins/select2/i18n es.js
2016.07.22 13:03 B E:\MANICKAM\server\manickam\manickam\siteadmin_assets\assets\plugins\select2\i18n\et.js --> web-13.znetlive.in /MusicSite/siteadmin_assets/assets/plugins/select2/i18n et.js
2016.07.22 13:03 B E:\MANICKAM\server\manickam\manickam\siteadmin_assets\assets\plugins\select2\i18n\eu.js --> web-13.znetlive.in /MusicSite/siteadmin_assets/assets/plugins/select2/i18n eu.js
2016.07.22 13:03 B E:\MANICKAM\server\manickam\manickam\siteadmin_assets\assets\plugins\select2\i18n\fa.js --> web-13.znetlive.in /MusicSite/siteadmin_assets/assets/plugins/select2/i18n fa.js
2016.07.22 13:03 B E:\MANICKAM\server\manickam\manickam\siteadmin_assets\assets\plugins\select2\i18n\fi.js --> web-13.znetlive.in /MusicSite/siteadmin_assets/assets/plugins/select2/i18n fi.js
2016.07.22 13:03 B E:\MANICKAM\server\manickam\manickam\siteadmin_assets\assets\plugins\select2\i18n\fr.js --> web-13.znetlive.in /MusicSite/siteadmin_assets/assets/plugins/select2/i18n fr.js
2016.07.22 13:03 B E:\MANICKAM\server\manickam\manickam\siteadmin_assets\assets\plugins\select2\i18n\gl.js --> web-13.znetlive.in /MusicSite/siteadmin_assets/assets/plugins/select2/i18n gl.js
2016.07.22 13:03 B E:\MANICKAM\server\manickam\manickam\siteadmin_assets\assets\plugins\select2\i18n\he.js --> web-13.znetlive.in /MusicSite/siteadmin_assets/assets/plugins/select2/i18n he.js
2016.07.22 13:03 B E:\MANICKAM\server\manickam\manickam\siteadmin_assets\assets\plugins\select2\i18n\hi.js --> web-13.znetlive.in /MusicSite/siteadmin_assets/assets/plugins/select2/i18n hi.js
2016.07.22 13:03 B E:\MANICKAM\server\manickam\manickam\siteadmin_assets\assets\plugins\select2\i18n\hr.js --> web-13.znetlive.in /MusicSite/siteadmin_assets/assets/plugins/select2/i18n hr.js
2016.07.22 13:03 B E:\MANICKAM\server\manickam\manickam\siteadmin_assets\assets\plugins\select2\i18n\hu.js --> web-13.znetlive.in /MusicSite/siteadmin_assets/assets/plugins/select2/i18n hu.js
2016.07.22 13:03 B E:\MANICKAM\server\manickam\manickam\siteadmin_assets\assets\plugins\select2\i18n\id.js --> web-13.znetlive.in /MusicSite/siteadmin_assets/assets/plugins/select2/i18n id.js
2016.07.22 13:03 B E:\MANICKAM\server\manickam\manickam\siteadmin_assets\assets\plugins\select2\i18n\is.js --> web-13.znetlive.in /MusicSite/siteadmin_assets/assets/plugins/select2/i18n is.js
2016.07.22 13:03 B E:\MANICKAM\server\manickam\manickam\siteadmin_assets\assets\plugins\select2\i18n\it.js --> web-13.znetlive.in /MusicSite/siteadmin_assets/assets/plugins/select2/i18n it.js
2016.07.22 13:03 B E:\MANICKAM\server\manickam\manickam\siteadmin_assets\assets\plugins\select2\i18n\ko.js --> web-13.znetlive.in /MusicSite/siteadmin_assets/assets/plugins/select2/i18n ko.js
2016.07.22 13:03 B E:\MANICKAM\server\manickam\manickam\siteadmin_assets\assets\plugins\select2\i18n\lt.js --> web-13.znetlive.in /MusicSite/siteadmin_assets/assets/plugins/select2/i18n lt.js
2016.07.22 13:03 B E:\MANICKAM\server\manickam\manickam\siteadmin_assets\assets\plugins\select2\i18n\lv.js --> web-13.znetlive.in /MusicSite/siteadmin_assets/assets/plugins/select2/i18n lv.js
2016.07.22 13:03 B E:\MANICKAM\server\manickam\manickam\siteadmin_assets\assets\plugins\select2\i18n\mk.js --> web-13.znetlive.in /MusicSite/siteadmin_assets/assets/plugins/select2/i18n mk.js
2016.07.22 13:03 B E:\MANICKAM\server\manickam\manickam\siteadmin_assets\assets\plugins\select2\i18n\nb.js --> web-13.znetlive.in /MusicSite/siteadmin_assets/assets/plugins/select2/i18n nb.js
2016.07.22 13:03 B E:\MANICKAM\server\manickam\manickam\siteadmin_assets\assets\plugins\select2\i18n\nl.js --> web-13.znetlive.in /MusicSite/siteadmin_assets/assets/plugins/select2/i18n nl.js
2016.07.22 13:03 B E:\MANICKAM\server\manickam\manickam\siteadmin_assets\assets\plugins\select2\i18n\pl.js --> web-13.znetlive.in /MusicSite/siteadmin_assets/assets/plugins/select2/i18n pl.js
2016.07.22 13:03 B E:\MANICKAM\server\manickam\manickam\siteadmin_assets\assets\plugins\select2\i18n\pt-BR.js --> web-13.znetlive.in /MusicSite/siteadmin_assets/assets/plugins/select2/i18n pt-BR.js
2016.07.22 13:03 B E:\MANICKAM\server\manickam\manickam\siteadmin_assets\assets\plugins\select2\i18n\pt.js --> web-13.znetlive.in /MusicSite/siteadmin_assets/assets/plugins/select2/i18n pt.js
2016.07.22 13:03 B E:\MANICKAM\server\manickam\manickam\siteadmin_assets\assets\plugins\select2\i18n\ro.js --> web-13.znetlive.in /MusicSite/siteadmin_assets/assets/plugins/select2/i18n ro.js
2016.07.22 13:03 B E:\MANICKAM\server\manickam\manickam\siteadmin_assets\assets\plugins\select2\i18n\ru.js --> web-13.znetlive.in /MusicSite/siteadmin_assets/assets/plugins/select2/i18n ru.js
2016.07.22 13:03 B E:\MANICKAM\server\manickam\manickam\siteadmin_assets\assets\plugins\select2\i18n\sk.js --> web-13.znetlive.in /MusicSite/siteadmin_assets/assets/plugins/select2/i18n sk.js
2016.07.22 13:03 B E:\MANICKAM\server\manickam\manickam\siteadmin_assets\assets\plugins\select2\i18n\sr.js --> web-13.znetlive.in /MusicSite/siteadmin_assets/assets/plugins/select2/i18n sr.js
2016.07.22 13:03 B E:\MANICKAM\server\manickam\manickam\siteadmin_assets\assets\plugins\select2\i18n\sv.js --> web-13.znetlive.in /MusicSite/siteadmin_assets/assets/plugins/select2/i18n sv.js
2016.07.22 13:03 B E:\MANICKAM\server\manickam\manickam\siteadmin_assets\assets\plugins\select2\i18n\th.js --> web-13.znetlive.in /MusicSite/siteadmin_assets/assets/plugins/select2/i18n th.js
2016.07.22 13:04 B E:\MANICKAM\server\manickam\manickam\siteadmin_assets\assets\plugins\select2\i18n\tr.js --> web-13.znetlive.in /MusicSite/siteadmin_assets/assets/plugins/select2/i18n tr.js
2016.07.22 13:04 B E:\MANICKAM\server\manickam\manickam\siteadmin_assets\assets\plugins\select2\i18n\uk.js --> web-13.znetlive.in /MusicSite/siteadmin_assets/assets/plugins/select2/i18n uk.js
2016.07.22 13:04 B E:\MANICKAM\server\manickam\manickam\siteadmin_assets\assets\plugins\select2\i18n\vi.js --> web-13.znetlive.in /MusicSite/siteadmin_assets/assets/plugins/select2/i18n vi.js
2016.07.22 13:04 B E:\MANICKAM\server\manickam\manickam\siteadmin_assets\assets\plugins\select2\i18n\WS_FTP.LOG --> web-13.znetlive.in /MusicSite/siteadmin_assets/assets/plugins/select2/i18n WS_FTP.LOG
2016.07.22 13:04 B E:\MANICKAM\server\manickam\manickam\siteadmin_assets\assets\plugins\select2\i18n\zh-CN.js --> web-13.znetlive.in /MusicSite/siteadmin_assets/assets/plugins/select2/i18n zh-CN.js
2016.07.22 13:04 B E:\MANICKAM\server\manickam\manickam\siteadmin_assets\assets\plugins\select2\i18n\zh-TW.js --> web-13.znetlive.in /MusicSite/siteadmin_assets/assets/plugins/select2/i18n zh-TW.js
