2015.12.24 11:14 B D:\Raj\MVC Folder\HRM\HRM\css\bootstrap.css --> web-13.znetlive.in /Matchtalent/css bootstrap.css
2015.12.24 11:14 B D:\Raj\MVC Folder\HRM\HRM\css\CustomizedStyle.css --> web-13.znetlive.in /Matchtalent/css CustomizedStyle.css
2015.12.24 11:14 B D:\Raj\MVC Folder\HRM\HRM\css\jquery-ui.css --> web-13.znetlive.in /Matchtalent/css jquery-ui.css
2015.12.24 11:14 B D:\Raj\MVC Folder\HRM\HRM\css\UnabtrusiveValidation.css --> web-13.znetlive.in /Matchtalent/css UnabtrusiveValidation.css
2015.12.24 17:58 B D:\Raj\MVC Folder\HRM\HRM\css\WS_FTP.LOG --> web-13.znetlive.in /Matchtalent/css WS_FTP.LOG
2015.12.28 10:12 B D:\Raj\MVC Folder\HRM\HRM\css\CustomizedStyle.css --> web-13.znetlive.in /Matchtalent/css CustomizedStyle.css
2016.01.25 17:24 B E:\HRM\HRM\HRM\css\mt-cutomized.css --> web-13.znetlive.in /Matchtalent/css mt-cutomized.css
2016.05.26 12:04 B D:\Raj\Projects\Ravlygten\Ravlygten\Ravlygten\css\bootstrap.css --> web-13.znetlive.in /Ravlygten/css bootstrap.css
2016.05.26 12:04 B D:\Raj\Projects\Ravlygten\Ravlygten\Ravlygten\css\CustomizedStyle.css --> web-13.znetlive.in /Ravlygten/css CustomizedStyle.css
2016.05.26 12:04 B D:\Raj\Projects\Ravlygten\Ravlygten\Ravlygten\css\jquery-ui.css --> web-13.znetlive.in /Ravlygten/css jquery-ui.css
2016.05.26 12:04 B D:\Raj\Projects\Ravlygten\Ravlygten\Ravlygten\css\mt-cutomized.css --> web-13.znetlive.in /Ravlygten/css mt-cutomized.css
2016.05.26 12:04 B D:\Raj\Projects\Ravlygten\Ravlygten\Ravlygten\css\UnabtrusiveValidation.css --> web-13.znetlive.in /Ravlygten/css UnabtrusiveValidation.css
2016.05.26 12:04 B D:\Raj\Projects\Ravlygten\Ravlygten\Ravlygten\css\WS_FTP.LOG --> web-13.znetlive.in /Ravlygten/css WS_FTP.LOG
2016.05.28 14:54 B D:\Raj\Projects\Ravlygten\Ravlygten\Ravlygten\css\bootstrap.css --> web-13.znetlive.in /Ravlygten/css bootstrap.css
2016.05.28 14:54 B D:\Raj\Projects\Ravlygten\Ravlygten\Ravlygten\css\colorbox.css --> web-13.znetlive.in /Ravlygten/css colorbox.css
2016.05.28 14:54 B D:\Raj\Projects\Ravlygten\Ravlygten\Ravlygten\css\component.css --> web-13.znetlive.in /Ravlygten/css component.css
2016.05.28 14:55 B D:\Raj\Projects\Ravlygten\Ravlygten\Ravlygten\css\CustomizedStyle.css --> web-13.znetlive.in /Ravlygten/css CustomizedStyle.css
2016.05.28 14:55 B D:\Raj\Projects\Ravlygten\Ravlygten\Ravlygten\css\gothic_0-webfont.eot --> web-13.znetlive.in /Ravlygten/css gothic_0-webfont.eot
2016.05.28 14:55 B D:\Raj\Projects\Ravlygten\Ravlygten\Ravlygten\css\gothic_0-webfont.svg --> web-13.znetlive.in /Ravlygten/css gothic_0-webfont.svg
2016.05.28 14:55 B D:\Raj\Projects\Ravlygten\Ravlygten\Ravlygten\css\gothic_0-webfont.ttf --> web-13.znetlive.in /Ravlygten/css gothic_0-webfont.ttf
2016.05.28 14:55 B D:\Raj\Projects\Ravlygten\Ravlygten\Ravlygten\css\gothic_0-webfont.woff --> web-13.znetlive.in /Ravlygten/css gothic_0-webfont.woff
2016.05.28 14:55 B D:\Raj\Projects\Ravlygten\Ravlygten\Ravlygten\css\jquery-ui.css --> web-13.znetlive.in /Ravlygten/css jquery-ui.css
2016.05.28 14:55 B D:\Raj\Projects\Ravlygten\Ravlygten\Ravlygten\css\jquery.fileupload.css --> web-13.znetlive.in /Ravlygten/css jquery.fileupload.css
2016.05.28 14:55 B D:\Raj\Projects\Ravlygten\Ravlygten\Ravlygten\css\menu.css --> web-13.znetlive.in /Ravlygten/css menu.css
2016.05.28 14:55 B D:\Raj\Projects\Ravlygten\Ravlygten\Ravlygten\css\mt-cutomized.css --> web-13.znetlive.in /Ravlygten/css mt-cutomized.css
2016.05.28 14:55 B D:\Raj\Projects\Ravlygten\Ravlygten\Ravlygten\css\responsive.css --> web-13.znetlive.in /Ravlygten/css responsive.css
2016.05.28 14:55 B D:\Raj\Projects\Ravlygten\Ravlygten\Ravlygten\css\SiteadminStyles.css --> web-13.znetlive.in /Ravlygten/css SiteadminStyles.css
2016.05.28 14:55 B D:\Raj\Projects\Ravlygten\Ravlygten\Ravlygten\css\styles.css --> web-13.znetlive.in /Ravlygten/css styles.css
2016.05.28 14:55 B D:\Raj\Projects\Ravlygten\Ravlygten\Ravlygten\css\UnabtrusiveValidation.css --> web-13.znetlive.in /Ravlygten/css UnabtrusiveValidation.css
2016.06.08 18:02 B E:\Ravlygten\Ravlygten\Ravlygten\css\animate.css --> web-13.znetlive.in /Ravlygten/css animate.css
2016.06.08 18:02 B E:\Ravlygten\Ravlygten\Ravlygten\css\bootstrap.css --> web-13.znetlive.in /Ravlygten/css bootstrap.css
2016.06.08 18:02 B E:\Ravlygten\Ravlygten\Ravlygten\css\calendar.css --> web-13.znetlive.in /Ravlygten/css calendar.css
2016.06.08 18:02 B E:\Ravlygten\Ravlygten\Ravlygten\css\camera.css --> web-13.znetlive.in /Ravlygten/css camera.css
2016.06.08 18:02 B E:\Ravlygten\Ravlygten\Ravlygten\css\colorbox.css --> web-13.znetlive.in /Ravlygten/css colorbox.css
2016.06.08 18:03 B E:\Ravlygten\Ravlygten\Ravlygten\css\colors.css --> web-13.znetlive.in /Ravlygten/css colors.css
2016.06.08 18:03 B E:\Ravlygten\Ravlygten\Ravlygten\css\component.css --> web-13.znetlive.in /Ravlygten/css component.css
2016.06.08 18:03 B E:\Ravlygten\Ravlygten\Ravlygten\css\CustomizedStyle.css --> web-13.znetlive.in /Ravlygten/css CustomizedStyle.css
2016.06.08 18:03 B E:\Ravlygten\Ravlygten\Ravlygten\css\dark.css --> web-13.znetlive.in /Ravlygten/css dark.css
2016.06.08 18:03 B E:\Ravlygten\Ravlygten\Ravlygten\css\elastic.css --> web-13.znetlive.in /Ravlygten/css elastic.css
2016.06.08 18:03 B E:\Ravlygten\Ravlygten\Ravlygten\css\font-icons.css --> web-13.znetlive.in /Ravlygten/css font-icons.css
2016.06.08 18:03 B E:\Ravlygten\Ravlygten\Ravlygten\css\fonts.css --> web-13.znetlive.in /Ravlygten/css fonts.css
2016.06.08 18:03 B E:\Ravlygten\Ravlygten\Ravlygten\css\gothic_0-webfont.eot --> web-13.znetlive.in /Ravlygten/css gothic_0-webfont.eot
2016.06.08 18:03 B E:\Ravlygten\Ravlygten\Ravlygten\css\gothic_0-webfont.svg --> web-13.znetlive.in /Ravlygten/css gothic_0-webfont.svg
2016.06.08 18:03 B E:\Ravlygten\Ravlygten\Ravlygten\css\gothic_0-webfont.ttf --> web-13.znetlive.in /Ravlygten/css gothic_0-webfont.ttf
2016.06.08 18:03 B E:\Ravlygten\Ravlygten\Ravlygten\css\gothic_0-webfont.woff --> web-13.znetlive.in /Ravlygten/css gothic_0-webfont.woff
2016.06.08 18:03 B E:\Ravlygten\Ravlygten\Ravlygten\css\jquery-ui.css --> web-13.znetlive.in /Ravlygten/css jquery-ui.css
2016.06.08 18:03 B E:\Ravlygten\Ravlygten\Ravlygten\css\jquery.fileupload.css --> web-13.znetlive.in /Ravlygten/css jquery.fileupload.css
2016.06.08 18:03 B E:\Ravlygten\Ravlygten\Ravlygten\css\magnific-popup.css --> web-13.znetlive.in /Ravlygten/css magnific-popup.css
2016.06.08 18:03 B E:\Ravlygten\Ravlygten\Ravlygten\css\menu.css --> web-13.znetlive.in /Ravlygten/css menu.css
2016.06.08 18:03 B E:\Ravlygten\Ravlygten\Ravlygten\css\mt-cutomized.css --> web-13.znetlive.in /Ravlygten/css mt-cutomized.css
2016.06.08 18:03 B E:\Ravlygten\Ravlygten\Ravlygten\css\nivo-slider.css --> web-13.znetlive.in /Ravlygten/css nivo-slider.css
2016.06.08 18:03 B E:\Ravlygten\Ravlygten\Ravlygten\css\responsive.css --> web-13.znetlive.in /Ravlygten/css responsive.css
2016.06.08 18:03 B E:\Ravlygten\Ravlygten\Ravlygten\css\simple-sidebar.css --> web-13.znetlive.in /Ravlygten/css simple-sidebar.css
2016.06.08 18:03 B E:\Ravlygten\Ravlygten\Ravlygten\css\SiteadminStyles.css --> web-13.znetlive.in /Ravlygten/css SiteadminStyles.css
2016.06.08 18:04 B E:\Ravlygten\Ravlygten\Ravlygten\css\style.css --> web-13.znetlive.in /Ravlygten/css style.css
2016.06.08 18:04 B E:\Ravlygten\Ravlygten\Ravlygten\css\styles.css --> web-13.znetlive.in /Ravlygten/css styles.css
2016.06.08 18:04 B E:\Ravlygten\Ravlygten\Ravlygten\css\UnabtrusiveValidation.css --> web-13.znetlive.in /Ravlygten/css UnabtrusiveValidation.css
2016.06.08 18:04 B E:\Ravlygten\Ravlygten\Ravlygten\css\vmap.css --> web-13.znetlive.in /Ravlygten/css vmap.css
2016.06.10 18:37 B E:\Ravlygten\Ravlygten\Ravlygten\css\style.css --> web-13.znetlive.in /Ravlygten/css style.css
2016.06.14 17:11 B D:\Raj\Projects\Ravlygten\Ravlygten\Ravlygten\css\style.css --> web-13.znetlive.in /Ravlygten/css style.css
2016.06.15 17:51 B D:\Raj\Projects\Ravlygten\Ravlygten\Ravlygten\css\style.css --> web-13.znetlive.in /Ravlygten/css style.css
2016.06.17 18:03 B D:\Raj\Projects\Ravlygten\Ravlygten\Ravlygten\css\style.css --> web-13.znetlive.in /Ravlygten/css style.css
2016.07.08 11:57 B E:\newproject\HMS\HMS\HMS\css\animate.css --> web-13.znetlive.in /MusicSite/css animate.css
2016.07.08 11:57 B E:\newproject\HMS\HMS\HMS\css\bootstrap.css --> web-13.znetlive.in /MusicSite/css bootstrap.css
2016.07.08 11:57 B E:\newproject\HMS\HMS\HMS\css\calendar.css --> web-13.znetlive.in /MusicSite/css calendar.css
2016.07.08 11:57 B E:\newproject\HMS\HMS\HMS\css\camera.css --> web-13.znetlive.in /MusicSite/css camera.css
2016.07.08 11:57 B E:\newproject\HMS\HMS\HMS\css\colorbox.css --> web-13.znetlive.in /MusicSite/css colorbox.css
2016.07.08 11:57 B E:\newproject\HMS\HMS\HMS\css\colors.css --> web-13.znetlive.in /MusicSite/css colors.css
2016.07.08 11:57 B E:\newproject\HMS\HMS\HMS\css\colors.php --> web-13.znetlive.in /MusicSite/css colors.php
2016.07.08 11:57 B E:\newproject\HMS\HMS\HMS\css\component.css --> web-13.znetlive.in /MusicSite/css component.css
2016.07.08 11:57 B E:\newproject\HMS\HMS\HMS\css\CustomizedStyle.css --> web-13.znetlive.in /MusicSite/css CustomizedStyle.css
2016.07.08 11:57 B E:\newproject\HMS\HMS\HMS\css\dark.css --> web-13.znetlive.in /MusicSite/css dark.css
2016.07.08 11:57 B E:\newproject\HMS\HMS\HMS\css\elastic.css --> web-13.znetlive.in /MusicSite/css elastic.css
2016.07.08 11:57 B E:\newproject\HMS\HMS\HMS\css\font-icons.css --> web-13.znetlive.in /MusicSite/css font-icons.css
2016.07.08 11:57 B E:\newproject\HMS\HMS\HMS\css\fonts.css --> web-13.znetlive.in /MusicSite/css fonts.css
2016.07.08 11:57 B E:\newproject\HMS\HMS\HMS\css\gothic_0-webfont.eot --> web-13.znetlive.in /MusicSite/css gothic_0-webfont.eot
2016.07.08 11:57 B E:\newproject\HMS\HMS\HMS\css\gothic_0-webfont.svg --> web-13.znetlive.in /MusicSite/css gothic_0-webfont.svg
2016.07.08 11:58 B E:\newproject\HMS\HMS\HMS\css\gothic_0-webfont.ttf --> web-13.znetlive.in /MusicSite/css gothic_0-webfont.ttf
2016.07.08 11:58 B E:\newproject\HMS\HMS\HMS\css\gothic_0-webfont.woff --> web-13.znetlive.in /MusicSite/css gothic_0-webfont.woff
2016.07.08 11:58 B E:\newproject\HMS\HMS\HMS\css\jquery-ui.css --> web-13.znetlive.in /MusicSite/css jquery-ui.css
2016.07.08 11:58 B E:\newproject\HMS\HMS\HMS\css\jquery.fileupload.css --> web-13.znetlive.in /MusicSite/css jquery.fileupload.css
2016.07.08 11:58 B E:\newproject\HMS\HMS\HMS\css\magnific-popup.css --> web-13.znetlive.in /MusicSite/css magnific-popup.css
2016.07.08 11:58 B E:\newproject\HMS\HMS\HMS\css\menu.css --> web-13.znetlive.in /MusicSite/css menu.css
2016.07.08 11:58 B E:\newproject\HMS\HMS\HMS\css\mt-cutomized.css --> web-13.znetlive.in /MusicSite/css mt-cutomized.css
2016.07.08 11:58 B E:\newproject\HMS\HMS\HMS\css\nivo-slider.css --> web-13.znetlive.in /MusicSite/css nivo-slider.css
2016.07.08 11:58 B E:\newproject\HMS\HMS\HMS\css\responsive.css --> web-13.znetlive.in /MusicSite/css responsive.css
2016.07.08 11:58 B E:\newproject\HMS\HMS\HMS\css\simple-sidebar.css --> web-13.znetlive.in /MusicSite/css simple-sidebar.css
2016.07.08 11:58 B E:\newproject\HMS\HMS\HMS\css\SiteadminStyles.css --> web-13.znetlive.in /MusicSite/css SiteadminStyles.css
2016.07.08 11:58 B E:\newproject\HMS\HMS\HMS\css\style.css --> web-13.znetlive.in /MusicSite/css style.css
2016.07.08 11:58 B E:\newproject\HMS\HMS\HMS\css\styles.css --> web-13.znetlive.in /MusicSite/css styles.css
2016.07.08 11:58 B E:\newproject\HMS\HMS\HMS\css\UnabtrusiveValidation.css --> web-13.znetlive.in /MusicSite/css UnabtrusiveValidation.css
2016.07.08 11:58 B E:\newproject\HMS\HMS\HMS\css\vmap.css --> web-13.znetlive.in /MusicSite/css vmap.css
2016.07.08 11:58 B E:\newproject\HMS\HMS\HMS\css\WS_FTP.LOG --> web-13.znetlive.in /MusicSite/css WS_FTP.LOG
2016.07.08 17:43 B E:\HMS\manickam\manickam\manickam\css\animate.css --> web-13.znetlive.in /MusicSite/css animate.css
2016.07.08 17:43 B E:\HMS\manickam\manickam\manickam\css\bootstrap.css --> web-13.znetlive.in /MusicSite/css bootstrap.css
2016.07.08 17:43 B E:\HMS\manickam\manickam\manickam\css\calendar.css --> web-13.znetlive.in /MusicSite/css calendar.css
2016.07.08 17:43 B E:\HMS\manickam\manickam\manickam\css\camera.css --> web-13.znetlive.in /MusicSite/css camera.css
2016.07.08 17:43 B E:\HMS\manickam\manickam\manickam\css\colorbox.css --> web-13.znetlive.in /MusicSite/css colorbox.css
2016.07.08 17:43 B E:\HMS\manickam\manickam\manickam\css\colors.css --> web-13.znetlive.in /MusicSite/css colors.css
2016.07.08 17:43 B E:\HMS\manickam\manickam\manickam\css\colors.php --> web-13.znetlive.in /MusicSite/css colors.php
2016.07.08 17:43 B E:\HMS\manickam\manickam\manickam\css\component.css --> web-13.znetlive.in /MusicSite/css component.css
2016.07.08 17:43 B E:\HMS\manickam\manickam\manickam\css\CustomizedStyle.css --> web-13.znetlive.in /MusicSite/css CustomizedStyle.css
2016.07.08 17:43 B E:\HMS\manickam\manickam\manickam\css\dark.css --> web-13.znetlive.in /MusicSite/css dark.css
2016.07.08 17:43 B E:\HMS\manickam\manickam\manickam\css\elastic.css --> web-13.znetlive.in /MusicSite/css elastic.css
2016.07.08 17:43 B E:\HMS\manickam\manickam\manickam\css\font-icons.css --> web-13.znetlive.in /MusicSite/css font-icons.css
2016.07.08 17:43 B E:\HMS\manickam\manickam\manickam\css\fonts.css --> web-13.znetlive.in /MusicSite/css fonts.css
2016.07.08 17:43 B E:\HMS\manickam\manickam\manickam\css\gothic_0-webfont.eot --> web-13.znetlive.in /MusicSite/css gothic_0-webfont.eot
2016.07.08 17:43 B E:\HMS\manickam\manickam\manickam\css\gothic_0-webfont.svg --> web-13.znetlive.in /MusicSite/css gothic_0-webfont.svg
2016.07.08 17:43 B E:\HMS\manickam\manickam\manickam\css\gothic_0-webfont.ttf --> web-13.znetlive.in /MusicSite/css gothic_0-webfont.ttf
2016.07.08 17:43 B E:\HMS\manickam\manickam\manickam\css\gothic_0-webfont.woff --> web-13.znetlive.in /MusicSite/css gothic_0-webfont.woff
2016.07.08 17:43 B E:\HMS\manickam\manickam\manickam\css\jquery-ui.css --> web-13.znetlive.in /MusicSite/css jquery-ui.css
2016.07.08 17:43 B E:\HMS\manickam\manickam\manickam\css\jquery.fileupload.css --> web-13.znetlive.in /MusicSite/css jquery.fileupload.css
2016.07.08 17:43 B E:\HMS\manickam\manickam\manickam\css\magnific-popup.css --> web-13.znetlive.in /MusicSite/css magnific-popup.css
2016.07.08 17:43 B E:\HMS\manickam\manickam\manickam\css\menu.css --> web-13.znetlive.in /MusicSite/css menu.css
2016.07.08 17:43 B E:\HMS\manickam\manickam\manickam\css\mt-cutomized.css --> web-13.znetlive.in /MusicSite/css mt-cutomized.css
2016.07.08 17:44 B E:\HMS\manickam\manickam\manickam\css\nivo-slider.css --> web-13.znetlive.in /MusicSite/css nivo-slider.css
2016.07.08 17:44 B E:\HMS\manickam\manickam\manickam\css\responsive.css --> web-13.znetlive.in /MusicSite/css responsive.css
2016.07.08 17:44 B E:\HMS\manickam\manickam\manickam\css\simple-sidebar.css --> web-13.znetlive.in /MusicSite/css simple-sidebar.css
2016.07.08 17:44 B E:\HMS\manickam\manickam\manickam\css\SiteadminStyles.css --> web-13.znetlive.in /MusicSite/css SiteadminStyles.css
2016.07.08 17:44 B E:\HMS\manickam\manickam\manickam\css\style.css --> web-13.znetlive.in /MusicSite/css style.css
2016.07.08 17:44 B E:\HMS\manickam\manickam\manickam\css\styles.css --> web-13.znetlive.in /MusicSite/css styles.css
2016.07.08 17:44 B E:\HMS\manickam\manickam\manickam\css\UnabtrusiveValidation.css --> web-13.znetlive.in /MusicSite/css UnabtrusiveValidation.css
2016.07.08 17:44 B E:\HMS\manickam\manickam\manickam\css\vmap.css --> web-13.znetlive.in /MusicSite/css vmap.css
2016.07.09 17:37 B E:\Manickam\manickam\manickam\css\CustomizedStyle.css --> web-13.znetlive.in /MusicSite/css CustomizedStyle.css
